<?xml version="1.0" encoding="UTF-8"?>
<!-- Generated by org.testng.reporters.JUnitReportReporter -->
<testsuite skipped="0" hostname="LP-220233923" name="TestNG.FirstTest" tests="2" failures="0" timestamp="2022-03-23T14:23:11 IST" time="0.005" errors="0">
  <testcase name="addTest" time="0.005" classname="TestNG.FirstTest"/>
  <system-out/>
  <testcase name="subTest" time="0.000" classname="TestNG.FirstTest"/>
  <system-out/>
</testsuite> <!-- TestNG.FirstTest -->
